Flow report for vgalab1
Thu Apr 02 18:12:23 2015
Quartus II 64-Bit Version 11.1 Build 259 01/25/2012 Service Pack 2 SJ Full Version


---------------------
; Table of Contents ;
---------------------
  1. Legal Notice
  2. Flow Summary
  3. Flow Settings
  4. Flow Non-Default Global Settings
  5. Flow Elapsed Time
  6. Flow OS Summary
  7. Flow Log



----------------
; Legal Notice ;
----------------
Copyright (C) 1991-2011 Altera Corporation
Your use of Altera Corporation's design tools, logic functions 
and other software and tools, and its AMPP partner logic 
functions, and any output files from any of the foregoing 
(including device programming or simulation files), and any 
associated documentation or information are expressly subject 
to the terms and conditions of the Altera Program License 
Subscription Agreement, Altera MegaCore Function License 
Agreement, or other applicable license agreement, including, 
without limitation, that your use is for the sole purpose of 
programming logic devices manufactured by Altera and sold by 
Altera or its authorized distributors.  Please refer to the 
applicable agreement for further details.



+-------------------------------------------------------------------------------------+
; Flow Summary                                                                        ;
+------------------------------------+------------------------------------------------+
; Flow Status                        ; Successful - Thu Apr 02 18:12:19 2015          ;
; Quartus II 64-Bit Version          ; 11.1 Build 259 01/25/2012 SP 2 SJ Full Version ;
; Revision Name                      ; vgalab1                                        ;
; Top-level Entity Name              ; vgalab1                                        ;
; Family                             ; Cyclone II                                     ;
; Device                             ; EP2C35F672C6                                   ;
; Timing Models                      ; Final                                          ;
; Total logic elements               ; 2,532 / 33,216 ( 8 % )                         ;
;     Total combinational functions  ; 2,528 / 33,216 ( 8 % )                         ;
;     Dedicated logic registers      ; 376 / 33,216 ( 1 % )                           ;
; Total registers                    ; 376                                            ;
; Total pins                         ; 215 / 475 ( 45 % )                             ;
; Total virtual pins                 ; 0                                              ;
; Total memory bits                  ; 0 / 483,840 ( 0 % )                            ;
; Embedded Multiplier 9-bit elements ; 0 / 70 ( 0 % )                                 ;
; Total PLLs                         ; 1 / 4 ( 25 % )                                 ;
+------------------------------------+------------------------------------------------+


+-----------------------------------------+
; Flow Settings                           ;
+-------------------+---------------------+
; Option            ; Setting             ;
+-------------------+---------------------+
; Start date & time ; 04/02/2015 18:11:32 ;
; Main task         ; Compilation         ;
; Revision Name     ; vgalab1             ;
+-------------------+---------------------+


+---------------------------------------------------------------------------------------------------------------+
; Flow Non-Default Global Settings                                                                              ;
+-------------------------------------+------------------------------+---------------+-------------+------------+
; Assignment Name                     ; Value                        ; Default Value ; Entity Name ; Section Id ;
+-------------------------------------+------------------------------+---------------+-------------+------------+
; COMPILER_SIGNATURE_ID               ; 156980626527.142801269201924 ; --            ; --          ; --         ;
; PARTITION_COLOR                     ; 2147039                      ; --            ; --          ; Top        ;
; PARTITION_FITTER_PRESERVATION_LEVEL ; PLACEMENT_AND_ROUTING        ; --            ; --          ; Top        ;
; PARTITION_NETLIST_TYPE              ; SOURCE                       ; --            ; --          ; Top        ;
; USE_GENERATED_PHYSICAL_CONSTRAINTS  ; Off                          ; --            ; --          ; eda_palace ;
+-------------------------------------+------------------------------+---------------+-------------+------------+


+-------------------------------------------------------------------------------------------------------------------------------+
; Flow Elapsed Time                                                                                                             ;
+---------------------------+--------------+-------------------------+---------------------+------------------------------------+
; Module Name               ; Elapsed Time ; Average Processors Used ; Peak Virtual Memory ; Total CPU Time (on all processors) ;
+---------------------------+--------------+-------------------------+---------------------+------------------------------------+
; Analysis & Synthesis      ; 00:00:16     ; 1.0                     ; 406 MB              ; 00:00:15                           ;
; Fitter                    ; 00:00:21     ; 1.5                     ; 575 MB              ; 00:00:26                           ;
; Assembler                 ; 00:00:04     ; 1.0                     ; 420 MB              ; 00:00:03                           ;
; TimeQuest Timing Analyzer ; 00:00:08     ; 2.2                     ; 450 MB              ; 00:00:07                           ;
; Total                     ; 00:00:49     ; --                      ; --                  ; 00:00:51                           ;
+---------------------------+--------------+-------------------------+---------------------+------------------------------------+


+----------------------------------------------------------------------------------------+
; Flow OS Summary                                                                        ;
+---------------------------+------------------+-----------+------------+----------------+
; Module Name               ; Machine Hostname ; OS Name   ; OS Version ; Processor type ;
+---------------------------+------------------+-----------+------------+----------------+
; Analysis & Synthesis      ; BA3165WS17       ; Windows 7 ; 6.1        ; x86_64         ;
; Fitter                    ; BA3165WS17       ; Windows 7 ; 6.1        ; x86_64         ;
; Assembler                 ; BA3165WS17       ; Windows 7 ; 6.1        ; x86_64         ;
; TimeQuest Timing Analyzer ; BA3165WS17       ; Windows 7 ; 6.1        ; x86_64         ;
+---------------------------+------------------+-----------+------------+----------------+


------------
; Flow Log ;
------------
quartus_map --read_settings_files=on --write_settings_files=off vgalab1 -c vgalab1
quartus_fit --read_settings_files=off --write_settings_files=off vgalab1 -c vgalab1
quartus_asm --read_settings_files=off --write_settings_files=off vgalab1 -c vgalab1
quartus_sta vgalab1 -c vgalab1



